{
  "uid" : "3cf8f29c27122868",
  "name" : "Ex2: Testing Sing Up with temporary email until fake paring",
  "fullName" : "tests.test_onboard#test_smoke_sing_up_simulator",
  "historyId" : "3300b15a2b27f9234b552bfee71a6c4e",
  "time" : {
    "start" : 1643284989819,
    "stop" : 1643285143204,
    "duration" : 153385
  },
  "status" : "passed",
  "flaky" : false,
  "newFailed" : false,
  "newBroken" : false,
  "newPassed" : false,
  "retriesCount" : 7,
  "retriesStatusChange" : true,
  "beforeStages" : [ {
    "name" : "appdriver",
    "time" : {
      "start" : 1643284979865,
      "stop" : 1643284985455,
      "duration" : 5590
    },
    "status" : "passed",
    "steps" : [ ],
    "attachments" : [ ],
    "parameters" : [ ],
    "stepsCount" : 0,
    "attachmentsCount" : 0,
    "shouldDisplayMessage" : false,
    "hasContent" : false
  }, {
    "name" : "run_around_tests",
    "time" : {
      "start" : 1643284985455,
      "stop" : 1643284985456,
      "duration" : 1
    },
    "status" : "passed",
    "steps" : [ ],
    "attachments" : [ ],
    "parameters" : [ ],
    "stepsCount" : 0,
    "attachmentsCount" : 0,
    "shouldDisplayMessage" : false,
    "hasContent" : false
  }, {
    "name" : "set_up",
    "time" : {
      "start" : 1643284985456,
      "stop" : 1643284989817,
      "duration" : 4361
    },
    "status" : "passed",
    "steps" : [ ],
    "attachments" : [ ],
    "parameters" : [ ],
    "stepsCount" : 0,
    "attachmentsCount" : 0,
    "shouldDisplayMessage" : false,
    "hasContent" : false
  } ],
  "testStage" : {
    "status" : "passed",
    "steps" : [ {
      "name" : "Press Give Allow Bluetooth button on welcome screen",
      "time" : {
        "start" : 1643284990007,
        "stop" : 1643284994417,
        "duration" : 4410
      },
      "status" : "passed",
      "steps" : [ ],
      "attachments" : [ ],
      "parameters" : [ ],
      "stepsCount" : 0,
      "attachmentsCount" : 0,
      "shouldDisplayMessage" : false,
      "hasContent" : false
    }, {
      "name" : "Press Skip button on welcome screen",
      "time" : {
        "start" : 1643284994417,
        "stop" : 1643284995039,
        "duration" : 622
      },
      "status" : "passed",
      "steps" : [ ],
      "attachments" : [ ],
      "parameters" : [ ],
      "stepsCount" : 0,
      "attachmentsCount" : 0,
      "shouldDisplayMessage" : false,
      "hasContent" : false
    }, {
      "name" : "Press \"Sign Up\" button on welcome screen",
      "time" : {
        "start" : 1643284995039,
        "stop" : 1643284995756,
        "duration" : 717
      },
      "status" : "passed",
      "steps" : [ ],
      "attachments" : [ ],
      "parameters" : [ ],
      "stepsCount" : 0,
      "attachmentsCount" : 0,
      "shouldDisplayMessage" : false,
      "hasContent" : false
    }, {
      "name" : "Generate new mail box and fake email address",
      "time" : {
        "start" : 1643284995757,
        "stop" : 1643284996334,
        "duration" : 577
      },
      "status" : "passed",
      "steps" : [ ],
      "attachments" : [ ],
      "parameters" : [ ],
      "stepsCount" : 0,
      "attachmentsCount" : 0,
      "shouldDisplayMessage" : false,
      "hasContent" : false
    }, {
      "name" : "Click on \"'vandajantz@folllo.com'\" field\", clear and set app email for IOS or Android",
      "time" : {
        "start" : 1643284996334,
        "stop" : 1643285012349,
        "duration" : 16015
      },
      "status" : "passed",
      "steps" : [ ],
      "attachments" : [ ],
      "parameters" : [ {
        "name" : "email",
        "value" : "'vandajantz@folllo.com'"
      } ],
      "stepsCount" : 0,
      "attachmentsCount" : 0,
      "shouldDisplayMessage" : false,
      "hasContent" : true
    }, {
      "name" : "Press create account button",
      "time" : {
        "start" : 1643285012350,
        "stop" : 1643285016111,
        "duration" : 3761
      },
      "status" : "passed",
      "steps" : [ ],
      "attachments" : [ ],
      "parameters" : [ ],
      "stepsCount" : 0,
      "attachmentsCount" : 0,
      "shouldDisplayMessage" : false,
      "hasContent" : false
    }, {
      "name" : "Open link from fake email box for entry to the app",
      "time" : {
        "start" : 1643285016111,
        "stop" : 1643285021709,
        "duration" : 5598
      },
      "status" : "passed",
      "steps" : [ ],
      "attachments" : [ ],
      "parameters" : [ {
        "name" : "index_mail",
        "value" : "0"
      } ],
      "stepsCount" : 0,
      "attachmentsCount" : 0,
      "shouldDisplayMessage" : false,
      "hasContent" : true
    }, {
      "name" : "Open authorization link in simulator",
      "time" : {
        "start" : 1643285021710,
        "stop" : 1643285035820,
        "duration" : 14110
      },
      "status" : "passed",
      "steps" : [ ],
      "attachments" : [ ],
      "parameters" : [ {
        "name" : "link",
        "value" : "'https://balistondev.page.link?link=https://baliston-dev.firebaseapp.com/__/auth/action?apiKey%3DAIzaSyDyiQi28F8ecT4TvVFMYzXSpFLrMA7q8Rs%26mode%3DsignIn%26oobCode%3DyS7hSqHCisrGA_voRxm5mpbOdEwDzQ_BYuHx9QQRN9IAAAF-m2tj7A%26continueUrl%3Dhttps://baliston-dev.firebaseapp.com%26lang%3Den&amp;ibi=com.zhortech.baliston.dev&amp;ifl=https://baliston-dev.firebaseapp.com/__/auth/action?apiKey%3DAIzaSyDyiQi28F8ecT4TvVFMYzXSpFLrMA7q8Rs%26mode%3DsignIn%26oobCode%3DyS7hSqHCisrGA_voRxm5mpbOdEwDzQ_BYuHx9QQRN9IAAAF-m2tj7A%26continueUrl%3Dhttps://baliston-dev.firebaseapp.com%26lang%3Den'"
      } ],
      "stepsCount" : 0,
      "attachmentsCount" : 0,
      "shouldDisplayMessage" : false,
      "hasContent" : true
    }, {
      "name" : "Set full app name in Name text field",
      "time" : {
        "start" : 1643285035820,
        "stop" : 1643285040269,
        "duration" : 4449
      },
      "status" : "passed",
      "steps" : [ ],
      "attachments" : [ ],
      "parameters" : [ {
        "name" : "username",
        "value" : "'Ginger Foutley'"
      } ],
      "stepsCount" : 0,
      "attachmentsCount" : 0,
      "shouldDisplayMessage" : false,
      "hasContent" : true
    }, {
      "name" : "Press on the \"Male\" button to set man ",
      "time" : {
        "start" : 1643285040269,
        "stop" : 1643285040942,
        "duration" : 673
      },
      "status" : "passed",
      "steps" : [ ],
      "attachments" : [ ],
      "parameters" : [ ],
      "stepsCount" : 0,
      "attachmentsCount" : 0,
      "shouldDisplayMessage" : false,
      "hasContent" : false
    }, {
      "name" : "Press button \"NEXT\" ",
      "time" : {
        "start" : 1643285040942,
        "stop" : 1643285042271,
        "duration" : 1329
      },
      "status" : "passed",
      "steps" : [ ],
      "attachments" : [ ],
      "parameters" : [ ],
      "stepsCount" : 0,
      "attachmentsCount" : 0,
      "shouldDisplayMessage" : false,
      "hasContent" : false
    }, {
      "name" : "Set user height as 168",
      "time" : {
        "start" : 1643285042271,
        "stop" : 1643285056780,
        "duration" : 14509
      },
      "status" : "passed",
      "steps" : [ ],
      "attachments" : [ ],
      "parameters" : [ {
        "name" : "value",
        "value" : "'168'"
      } ],
      "stepsCount" : 0,
      "attachmentsCount" : 0,
      "shouldDisplayMessage" : false,
      "hasContent" : true
    }, {
      "name" : "Set user weight as 55",
      "time" : {
        "start" : 1643285056780,
        "stop" : 1643285084432,
        "duration" : 27652
      },
      "status" : "passed",
      "steps" : [ ],
      "attachments" : [ ],
      "parameters" : [ {
        "name" : "value",
        "value" : "'55'"
      } ],
      "stepsCount" : 0,
      "attachmentsCount" : 0,
      "shouldDisplayMessage" : false,
      "hasContent" : true
    }, {
      "name" : "Set user age as 52",
      "time" : {
        "start" : 1643285084432,
        "stop" : 1643285104692,
        "duration" : 20260
      },
      "status" : "passed",
      "steps" : [ ],
      "attachments" : [ ],
      "parameters" : [ {
        "name" : "value",
        "value" : "'52'"
      } ],
      "stepsCount" : 0,
      "attachmentsCount" : 0,
      "shouldDisplayMessage" : false,
      "hasContent" : true
    }, {
      "name" : "Set user shoe size as 31.0",
      "time" : {
        "start" : 1643285104692,
        "stop" : 1643285118361,
        "duration" : 13669
      },
      "status" : "passed",
      "steps" : [ ],
      "attachments" : [ ],
      "parameters" : [ {
        "name" : "value",
        "value" : "'31.0'"
      } ],
      "stepsCount" : 0,
      "attachmentsCount" : 0,
      "shouldDisplayMessage" : false,
      "hasContent" : true
    }, {
      "name" : "Press \"Continue\" button ",
      "time" : {
        "start" : 1643285118361,
        "stop" : 1643285119115,
        "duration" : 754
      },
      "status" : "passed",
      "steps" : [ ],
      "attachments" : [ ],
      "parameters" : [ ],
      "stepsCount" : 0,
      "attachmentsCount" : 0,
      "shouldDisplayMessage" : false,
      "hasContent" : false
    }, {
      "name" : "Give allows to location and nofification services",
      "time" : {
        "start" : 1643285119115,
        "stop" : 1643285122175,
        "duration" : 3060
      },
      "status" : "passed",
      "steps" : [ ],
      "attachments" : [ ],
      "parameters" : [ ],
      "stepsCount" : 0,
      "attachmentsCount" : 0,
      "shouldDisplayMessage" : false,
      "hasContent" : false
    }, {
      "name" : "Press \"Modules is ready button\"",
      "time" : {
        "start" : 1643285122175,
        "stop" : 1643285125140,
        "duration" : 2965
      },
      "status" : "passed",
      "steps" : [ ],
      "attachments" : [ ],
      "parameters" : [ ],
      "stepsCount" : 0,
      "attachmentsCount" : 0,
      "shouldDisplayMessage" : false,
      "hasContent" : false
    }, {
      "name" : "Do pairing and Scan QR Code / get image from phone",
      "time" : {
        "start" : 1643285125140,
        "stop" : 1643285131174,
        "duration" : 6034
      },
      "status" : "passed",
      "steps" : [ ],
      "attachments" : [ ],
      "parameters" : [ ],
      "stepsCount" : 0,
      "attachmentsCount" : 0,
      "shouldDisplayMessage" : false,
      "hasContent" : false
    }, {
      "name" : "Check if \"SHOES NOT REACHABLE\" screen is appeared ",
      "time" : {
        "start" : 1643285131174,
        "stop" : 1643285143204,
        "duration" : 12030
      },
      "status" : "passed",
      "steps" : [ ],
      "attachments" : [ ],
      "parameters" : [ ],
      "stepsCount" : 0,
      "attachmentsCount" : 0,
      "shouldDisplayMessage" : false,
      "hasContent" : false
    } ],
    "attachments" : [ {
      "uid" : "d25d92a9d7d6bfea",
      "name" : "stdout",
      "source" : "d25d92a9d7d6bfea.txt",
      "type" : "text/plain",
      "size" : 301
    } ],
    "parameters" : [ ],
    "stepsCount" : 20,
    "attachmentsCount" : 1,
    "shouldDisplayMessage" : false,
    "hasContent" : true
  },
  "afterStages" : [ {
    "name" : "run_around_tests::0",
    "time" : {
      "start" : 1643285143218,
      "stop" : 1643285143219,
      "duration" : 1
    },
    "status" : "passed",
    "steps" : [ ],
    "attachments" : [ ],
    "parameters" : [ ],
    "stepsCount" : 0,
    "attachmentsCount" : 0,
    "shouldDisplayMessage" : false,
    "hasContent" : false
  }, {
    "name" : "appdriver::0",
    "time" : {
      "start" : 1643285143219,
      "stop" : 1643285144434,
      "duration" : 1215
    },
    "status" : "passed",
    "steps" : [ ],
    "attachments" : [ {
      "uid" : "271596350ea9ea22",
      "name" : "screenshot",
      "source" : "271596350ea9ea22.png",
      "type" : "image/png",
      "size" : 420719
    } ],
    "parameters" : [ ],
    "stepsCount" : 0,
    "attachmentsCount" : 1,
    "shouldDisplayMessage" : false,
    "hasContent" : true
  } ],
  "labels" : [ {
    "name" : "tag",
    "value" : "@pytest.mark.skipif(False, reason='Get started test for iOS only')"
  }, {
    "name" : "parentSuite",
    "value" : "tests"
  }, {
    "name" : "suite",
    "value" : "test_onboard"
  }, {
    "name" : "host",
    "value" : "MacBooks-MacBook-Pro.local"
  }, {
    "name" : "thread",
    "value" : "22216-MainThread"
  }, {
    "name" : "framework",
    "value" : "pytest"
  }, {
    "name" : "language",
    "value" : "cpython3"
  }, {
    "name" : "package",
    "value" : "tests.test_onboard"
  }, {
    "name" : "resultFormat",
    "value" : "allure2"
  } ],
  "parameters" : [ ],
  "links" : [ ],
  "hidden" : false,
  "retry" : false,
  "extra" : {
    "severity" : "normal",
    "retries" : [ {
      "uid" : "b411133ce84ad41",
      "status" : "broken",
      "statusDetails" : "selenium.common.exceptions.InvalidSessionIdException: Message: A session is either terminated or not started\nStacktrace:\nNoSuchDriverError: A session is either terminated or not started\n    at asyncHandler (/usr/local/lib/node_modules/appium/node_modules/@appium/base-driver/lib/protocol/protocol.js:231:15)\n    at /usr/local/lib/node_modules/appium/node_modules/@appium/base-driver/lib/protocol/protocol.js:424:15\n    at Layer.handle [as handle_request] (/usr/local/lib/node_modules/appium/node_modules/express/lib/router/layer.js:95:5)\n    at next (/usr/local/lib/node_modules/appium/node_modules/express/lib/router/route.js:137:13)\n    at Route.dispatch (/usr/local/lib/node_modules/appium/node_modules/express/lib/router/route.js:112:3)\n    at Layer.handle [as handle_request] (/usr/local/lib/node_modules/appium/node_modules/express/lib/router/layer.js:95:5)\n    at /usr/local/lib/node_modules/appium/node_modules/express/lib/router/index.js:281:22\n    at param (/usr/local/lib/node_modules/appium/node_modules/express/lib/router/index.js:354:14)\n    at param (/usr/local/lib/node_modules/appium/node_modules/express/lib/router/index.js:365:14)\n    at Function.process_params (/usr/local/lib/node_modules/appium/node_modules/express/lib/router/index.js:410:3)\n    at next (/usr/local/lib/node_modules/appium/node_modules/express/lib/router/index.js:275:10)\n    at logger (/usr/local/lib/node_modules/appium/node_modules/morgan/index.js:144:5)\n    at Layer.handle [as handle_request] (/usr/local/lib/node_modules/appium/node_modules/express/lib/router/layer.js:95:5)\n    at trim_prefix (/usr/local/lib/node_modules/appium/node_modules/express/lib/router/index.js:317:13)\n    at /usr/local/lib/node_modules/appium/node_modules/express/lib/router/index.js:284:7\n    at Function.process_params (/usr/local/lib/node_modules/appium/node_modules/express/lib/router/index.js:335:12)\n    at next (/usr/local/lib/node_modules/appium/node_modules/express/lib/router/index.js:275:10)\n    at /usr/local/lib/node_modules/appium/node_modules/body-parser/lib/read.js:130:5\n    at invokeCallback (/usr/local/lib/node_modules/appium/node_modules/raw-body/index.js:224:16)\n    at done (/usr/local/lib/node_modules/appium/node_modules/raw-body/index.js:213:7)\n    at IncomingMessage.onEnd (/usr/local/lib/node_modules/appium/node_modules/raw-body/index.js:273:7)\n    at IncomingMessage.emit (events.js:412:35)\n    at endReadableNT (internal/streams/readable.js:1334:12)\n    at processTicksAndRejections (internal/process/task_queues.js:82:21)",
      "time" : {
        "start" : 1643284935802,
        "stop" : 1643284935802,
        "duration" : 0
      }
    }, {
      "uid" : "285891d242315b2d",
      "status" : "broken",
      "statusDetails" : "selenium.common.exceptions.InvalidSessionIdException: Message: A session is either terminated or not started\nStacktrace:\nNoSuchDriverError: A session is either terminated or not started\n    at asyncHandler (/usr/local/lib/node_modules/appium/node_modules/@appium/base-driver/lib/protocol/protocol.js:231:15)\n    at /usr/local/lib/node_modules/appium/node_modules/@appium/base-driver/lib/protocol/protocol.js:424:15\n    at Layer.handle [as handle_request] (/usr/local/lib/node_modules/appium/node_modules/express/lib/router/layer.js:95:5)\n    at next (/usr/local/lib/node_modules/appium/node_modules/express/lib/router/route.js:137:13)\n    at Route.dispatch (/usr/local/lib/node_modules/appium/node_modules/express/lib/router/route.js:112:3)\n    at Layer.handle [as handle_request] (/usr/local/lib/node_modules/appium/node_modules/express/lib/router/layer.js:95:5)\n    at /usr/local/lib/node_modules/appium/node_modules/express/lib/router/index.js:281:22\n    at param (/usr/local/lib/node_modules/appium/node_modules/express/lib/router/index.js:354:14)\n    at param (/usr/local/lib/node_modules/appium/node_modules/express/lib/router/index.js:365:14)\n    at Function.process_params (/usr/local/lib/node_modules/appium/node_modules/express/lib/router/index.js:410:3)\n    at next (/usr/local/lib/node_modules/appium/node_modules/express/lib/router/index.js:275:10)\n    at logger (/usr/local/lib/node_modules/appium/node_modules/morgan/index.js:144:5)\n    at Layer.handle [as handle_request] (/usr/local/lib/node_modules/appium/node_modules/express/lib/router/layer.js:95:5)\n    at trim_prefix (/usr/local/lib/node_modules/appium/node_modules/express/lib/router/index.js:317:13)\n    at /usr/local/lib/node_modules/appium/node_modules/express/lib/router/index.js:284:7\n    at Function.process_params (/usr/local/lib/node_modules/appium/node_modules/express/lib/router/index.js:335:12)\n    at next (/usr/local/lib/node_modules/appium/node_modules/express/lib/router/index.js:275:10)\n    at /usr/local/lib/node_modules/appium/node_modules/body-parser/lib/read.js:130:5\n    at invokeCallback (/usr/local/lib/node_modules/appium/node_modules/raw-body/index.js:224:16)\n    at done (/usr/local/lib/node_modules/appium/node_modules/raw-body/index.js:213:7)\n    at IncomingMessage.onEnd (/usr/local/lib/node_modules/appium/node_modules/raw-body/index.js:273:7)\n    at IncomingMessage.emit (events.js:412:35)\n    at endReadableNT (internal/streams/readable.js:1334:12)\n    at processTicksAndRejections (internal/process/task_queues.js:82:21)",
      "time" : {
        "start" : 1643284626538,
        "stop" : 1643284626538,
        "duration" : 0
      }
    }, {
      "uid" : "4b93ccdb02121f7e",
      "status" : "passed",
      "time" : {
        "start" : 1643046757848,
        "stop" : 1643046913505,
        "duration" : 155657
      }
    }, {
      "uid" : "ab4d1e843f599bae",
      "status" : "broken",
      "statusDetails" : "selenium.common.exceptions.TimeoutException: Message: id : Iâ€™M NEW TO BALISTON\nStacktrace:\nNoSuchElementError: An element could not be located on the page using the given search parameters.\n    at XCUITestDriver.doNativeFind (/Users/Alex/.appium/appium-xcuitest-driver/node_modules/appium-xcuitest-driver/lib/commands/find.js:130:11)\n    at runMicrotasks (<anonymous>)\n    at processTicksAndRejections (internal/process/task_queues.js:95:5)\n    at XCUITestDriver.findNativeElementOrElements (/Users/Alex/.appium/appium-xcuitest-driver/node_modules/appium-xcuitest-driver/lib/commands/find.js:90:10)\n    at XCUITestDriver.findElOrEls (/Users/Alex/.appium/appium-xcuitest-driver/node_modules/appium-xcuitest-driver/lib/commands/find.js:23:12)\n    at XCUITestDriver.findElOrElsWithProcessing (/Users/Alex/.appium/appium-xcuitest-driver/node_modules/appium-base-driver/lib/basedriver/commands/find.js:33:12)\n    at XCUITestDriver.findElement (/Users/Alex/.appium/appium-xcuitest-driver/node_modules/appium-base-driver/lib/basedriver/commands/find.js:53:10)",
      "time" : {
        "start" : 1643046730060,
        "stop" : 1643046749189,
        "duration" : 19129
      }
    }, {
      "uid" : "1ff7d8fa1a848682",
      "status" : "broken",
      "statusDetails" : "selenium.common.exceptions.StaleElementReferenceException: Message: The previously found element \"\"OK\" Button\" is not present in the current view anymore. Make sure the application UI has the expected state. Original error: No matches found for Elements matching predicate 'wdName == \"OK\" AND (1 == 1 OR identifier == 0 OR frame == 0 OR value == 0 OR title == 0 OR label == 0 OR elementType == 0 OR enabled == 0 OR placeholderValue == 0 OR selected == 0)' from input {(\n    Window, {{0.0, 0.0}, {414.0, 896.0}},\n    Window, {{0.0, 0.0}, {414.0, 896.0}},\n    Window, {{0.0, 0.0}, {828.0, 1792.0}},\n    Window, {{0.0, 0.0}, {828.0, 1792.0}},\n    Window, {{0.0, 0.0}, {414.0, 896.0}}, identifier: 'SBSwitcherWindow',\n    Window, {{0.0, 0.0}, {414.0, 896.0}},\n    Window, {{0.0, 0.0}, {414.0, 896.0}},\n    Window, {{0.0, 0.0}, {414.0, 896.0}},\n    Window, {{0.0, 0.0}, {414.0, 896.0}},\n    Other, {{0.0, 0.0}, {414.0, 896.0}},\n    Other, {{0.0, 0.0}, {414.0, 896.0}},\n    Other, {{0.0, 0.0}, {414.0, 896.0}},\n    Other, {{0.0, 0.0}, {828.0, 1792.0}},\n    Other, {{0.0, 0.0}, {828.0, 1792.0}},\n    Other, {{0.0, 0.0}, {414.0, 896.0}},\n    StatusBar, {{0.0, 0.0}, {414.0, 48.0}},\n    Other, {{0.0, 0.0}, {414.0, 896.0}},\n    Other, {{0.0, 0.0}, {414.0, 896.0}},\n    Other, {{0.0, 0.0}, {414.0, 896.0}},\n    Other, {{0.0, 0.0}, {414.0, 896.0}},\n    Other, {{0.0, 0.0}, {828.0, 1792.0}},\n    Other, {{0.0, 0.0}, {828.0, 1792.0}},\n    Other, {{0.0, 0.0}, {414.0, 896.0}},\n    Other, {{0.0, 0.0}, {414.0, 896.0}},\n    Other, {{0.0, 896.0}, {414.0, 243.0}},\n    Other, {{0.0, 0.0}, {414.0, 896.0}},\n    Other, {{0.0, 0.0}, {828.0, 1792.0}},\n    Other, {{0.0, 0.0}, {414.0, 896.0}},\n    Other, {{0.0, 0.0}, {414.0, 896.0}},\n    Other, {{0.0, 0.0}, {828.0, 1792.0}},\n    Other, {{0.0, 0.0}, {414.0, 896.0}},\n    Other, {{0.0, 0.0}, {828.0, 1792.0}},\n    Other, {{0.0, 0.0}, {828.0, 1792.0}},\n    Other, {{0.0, 0.0}, {828.0, 1792.0}},\n    Other, {{0.0, 0.0}, {828.0, 1792.0}},\n    Other, {{0.0, 0.0}, {828.0, 1792.0}},\n    Other, {{0.0, 0.0}, {828.0, 1792.0}},\n    Other, {{0.0, 0.0}, {828.0, 1792.0}},\n    Other, {{0.0, 0.0}, {828.0, 1792.0}},\n    ScrollView, {{0.0, 0.0}, {414.0, 896.0}},\n    Other, {{0.0, 0.0}, {414.0, 896.0}}, identifier: 'AppSwitcherContentView',\n    Other, {{0.0, 0.0}, {414.0, 896.0}},\n    Other, {{0.0, 0.0}, {414.0, 896.0}}, identifier: 'card:com.zhortech.baliston.dev:sceneID:com.zhortech.baliston.dev-AF2D8FA5-BD74-48F3-B07E-91FF99672F33',\n    Other, {{0.0, 0.0}, {414.0, 896.0}},\n    Other, {{0.0, 0.0}, {414.0, 896.0}},\n    Other, {{0.0, 0.0}, {414.0, 896.0}},\n    Other, {{0.0, 0.0}, {414.0, 896.0}},\n    Other, {{0.0, 0.0}, {414.0, 896.0}},\n    ScrollView, {{0.0, -448.0}, {414.0, 1344.0}},\n    Other, {{0.0, 0.0}, {414.0, 896.0}},\n    Other, {{0.0, 0.0}, {414.0, 896.0}},\n    Other, {{0.0, 0.0}, {414.0, 896.0}},\n    Other, {{0.0, 0.0}, {414.0, 896.0}},\n    Other, {{0.0, 0.0}, {414.0, 896.0}}, identifier: 'Home Grabber',\n    Other, {{0.0, 0.0}, {414.0, 896.0}},\n    Other, {{0.0, 0.0}, {414.0, 896.0}},\n    Other, {{0.0, 0.0}, {414.0, 896.0}},\n    Other, {{133.0, 883.0}, {148.0, 5.0}},\n    Other, {{0.0, 0.0}, {414.0, 896.0}},\n    Other, {{0.0, 0.0}, {414.0, 896.0}},\n    Other, {{0.0, 0.0}, {414.0, 896.0}},\n    Other, {{0.0, 0.0}, {414.0, 896.0}},\n    Other, {{0.0, 0.0}, {414.0, 896.0}},\n    Other, {{0.0, 0.0}, {414.0, 896.0}},\n    Other, {{0.0, 0.0}, {414.0, 896.0}},\n    Other, {{0.0, 0.0}, {414.0, 896.0}},\n    Other, {{0.0, 0.0}, {414.0, 896.0}},\n    StatusBar, {{0.0, 0.0}, {414.0, 48.0}},\n    Other, {{0.0, 0.0}, {414.0, 48.0}},\n    Other, {{0.0, 0.0}, {414.0, 48.0}},\n    StaticText, {{29.5, 8.5}, {44.0, 19.5}}, label: '19:49',\n    Other, {{326.5, 19.0}, {18.5, 11.5}}, label: 'Mobile Data', value: No signal,\n    Other, {{349.5, 18.5}, {16.5, 12.0}}, identifier: '3 of 3 Wi-Fi bars', value: SSID, 3 of 3 Wi-Fi...,\n    Other, {{370.5, 18.5}, {26.5, 12.5}}, label: '100% battery power', value: Not charging,\n    Button, {{12.0, 31.5}, {43.5, 13.5}}, identifier: 'breadcrumb', label: 'Return to Safari'\n)}\nStacktrace:\nStaleElementReferenceError: The previously found element \"\"OK\" Button\" is not present in the current view anymore. Make sure the application UI has the expected state. Original error: No matches found for Elements matching predicate 'wdName == \"OK\" AND (1 == 1 OR identifier == 0 OR frame == 0 OR value == 0 OR title == 0 OR label == 0 OR elementType == 0 OR enabled == 0 OR placeholderValue == 0 OR selected == 0)' from input {(\n    Window, {{0.0, 0.0}, {414.0, 896.0}},\n    Window, {{0.0, 0.0}, {414.0, 896.0}},\n    Window, {{0.0, 0.0}, {828.0, 1792.0}},\n    Window, {{0.0, 0.0}, {828.0, 1792.0}},\n    Window, {{0.0, 0.0}, {414.0, 896.0}}, identifier: 'SBSwitcherWindow',\n    Window, {{0.0, 0.0}, {414.0, 896.0}},\n    Window, {{0.0, 0.0}, {414.0, 896.0}},\n    Window, {{0.0, 0.0}, {414.0, 896.0}},\n    Window, {{0.0, 0.0}, {414.0, 896.0}},\n    Other, {{0.0, 0.0}, {414.0, 896.0}},\n    Other, {{0.0, 0.0}, {414.0, 896.0}},\n    Other, {{0.0, 0.0}, {414.0, 896.0}},\n    Other, {{0.0, 0.0}, {828.0, 1792.0}},\n    Other, {{0.0, 0.0}, {828.0, 1792.0}},\n    Other, {{0.0, 0.0}, {414.0, 896.0}},\n    StatusBar, {{0.0, 0.0}, {414.0, 48.0}},\n    Other, {{0.0, 0.0}, {414.0, 896.0}},\n    Other, {{0.0, 0.0}, {414.0, 896.0}},\n    Other, {{0.0, 0.0}, {414.0, 896.0}},\n    Other, {{0.0, 0.0}, {414.0, 896.0}},\n    Other, {{0.0, 0.0}, {828.0, 1792.0}},\n    Other, {{0.0, 0.0}, {828.0, 1792.0}},\n    Other, {{0.0, 0.0}, {414.0, 896.0}},\n    Other, {{0.0, 0.0}, {414.0, 896.0}},\n    Other, {{0.0, 896.0}, {414.0, 243.0}},\n    Other, {{0.0, 0.0}, {414.0, 896.0}},\n    Other, {{0.0, 0.0}, {828.0, 1792.0}},\n    Other, {{0.0, 0.0}, {414.0, 896.0}},\n    Other, {{0.0, 0.0}, {414.0, 896.0}},\n    Other, {{0.0, 0.0}, {828.0, 1792.0}},\n    Other, {{0.0, 0.0}, {414.0, 896.0}},\n    Other, {{0.0, 0.0}, {828.0, 1792.0}},\n    Other, {{0.0, 0.0}, {828.0, 1792.0}},\n    Other, {{0.0, 0.0}, {828.0, 1792.0}},\n    Other, {{0.0, 0.0}, {828.0, 1792.0}},\n    Other, {{0.0, 0.0}, {828.0, 1792.0}},\n    Other, {{0.0, 0.0}, {828.0, 1792.0}},\n    Other, {{0.0, 0.0}, {828.0, 1792.0}},\n    Other, {{0.0, 0.0}, {828.0, 1792.0}},\n    ScrollView, {{0.0, 0.0}, {414.0, 896.0}},\n    Other, {{0.0, 0.0}, {414.0, 896.0}}, identifier: 'AppSwitcherContentView',\n    Other, {{0.0, 0.0}, {414.0, 896.0}},\n    Other, {{0.0, 0.0}, {414.0, 896.0}}, identifier: 'card:com.zhortech.baliston.dev:sceneID:com.zhortech.baliston.dev-AF2D8FA5-BD74-48F3-B07E-91FF99672F33',\n    Other, {{0.0, 0.0}, {414.0, 896.0}},\n    Other, {{0.0, 0.0}, {414.0, 896.0}},\n    Other, {{0.0, 0.0}, {414.0, 896.0}},\n    Other, {{0.0, 0.0}, {414.0, 896.0}},\n    Other, {{0.0, 0.0}, {414.0, 896.0}},\n    ScrollView, {{0.0, -448.0}, {414.0, 1344.0}},\n    Other, {{0.0, 0.0}, {414.0, 896.0}},\n    Other, {{0.0, 0.0}, {414.0, 896.0}},\n    Other, {{0.0, 0.0}, {414.0, 896.0}},\n    Other, {{0.0, 0.0}, {414.0, 896.0}},\n    Other, {{0.0, 0.0}, {414.0, 896.0}}, identifier: 'Home Grabber',\n    Other, {{0.0, 0.0}, {414.0, 896.0}},\n    Other, {{0.0, 0.0}, {414.0, 896.0}},\n    Other, {{0.0, 0.0}, {414.0, 896.0}},\n    Other, {{133.0, 883.0}, {148.0, 5.0}},\n    Other, {{0.0, 0.0}, {414.0, 896.0}},\n    Other, {{0.0, 0.0}, {414.0, 896.0}},\n    Other, {{0.0, 0.0}, {414.0, 896.0}},\n    Other, {{0.0, 0.0}, {414.0, 896.0}},\n    Other, {{0.0, 0.0}, {414.0, 896.0}},\n    Other, {{0.0, 0.0}, {414.0, 896.0}},\n    Other, {{0.0, 0.0}, {414.0, 896.0}},\n    Other, {{0.0, 0.0}, {414.0, 896.0}},\n    Other, {{0.0, 0.0}, {414.0, 896.0}},\n    StatusBar, {{0.0, 0.0}, {414.0, 48.0}},\n    Other, {{0.0, 0.0}, {414.0, 48.0}},\n    Other, {{0.0, 0.0}, {414.0, 48.0}},\n    StaticText, {{29.5, 8.5}, {44.0, 19.5}}, label: '19:49',\n    Other, {{326.5, 19.0}, {18.5, 11.5}}, label: 'Mobile Data', value: No signal,\n    Other, {{349.5, 18.5}, {16.5, 12.0}}, identifier: '3 of 3 Wi-Fi bars', value: SSID, 3 of 3 Wi-Fi...,\n    Other, {{370.5, 18.5}, {26.5, 12.5}}, label: '100% battery power', value: Not charging,\n    Button, {{12.0, 31.5}, {43.5, 13.5}}, identifier: 'breadcrumb', label: 'Return to Safari'\n)}\n    at errorFromW3CJsonCode (/Users/Alex/.appium/appium-xcuitest-driver/node_modules/appium-base-driver/lib/protocol/errors.js:780:25)\n    at ProxyRequestError.getActualError (/Users/Alex/.appium/appium-xcuitest-driver/node_modules/appium-base-driver/lib/protocol/errors.js:663:14)\n    at asyncHandler (/usr/local/lib/node_modules/appium/node_modules/@appium/base-driver/lib/protocol/protocol.js:374:25)",
      "time" : {
        "start" : 1643046470642,
        "stop" : 1643046598242,
        "duration" : 127600
      }
    }, {
      "uid" : "9df05c324f006e5d",
      "status" : "broken",
      "statusDetails" : "selenium.common.exceptions.StaleElementReferenceException: Message: The previously found element \"\"OK\" Button\" is not present in the current view anymore. Make sure the application UI has the expected state. Original error: No matches found for Elements matching predicate 'wdName == \"OK\" AND (1 == 1 OR identifier == 0 OR frame == 0 OR value == 0 OR title == 0 OR label == 0 OR elementType == 0 OR enabled == 0 OR placeholderValue == 0 OR selected == 0)' from input {(\n    Window, {{0.0, 0.0}, {414.0, 896.0}},\n    Window, {{0.0, 0.0}, {414.0, 896.0}},\n    Window, {{0.0, 0.0}, {828.0, 1792.0}},\n    Window, {{0.0, 0.0}, {828.0, 1792.0}},\n    Window, {{0.0, 0.0}, {414.0, 896.0}}, identifier: 'SBSwitcherWindow',\n    Window, {{0.0, 0.0}, {414.0, 896.0}},\n    Window, {{0.0, 0.0}, {414.0, 896.0}},\n    Window, {{0.0, 0.0}, {414.0, 896.0}},\n    Window, {{0.0, 0.0}, {414.0, 896.0}},\n    Other, {{0.0, 0.0}, {414.0, 896.0}},\n    Other, {{0.0, 0.0}, {414.0, 896.0}},\n    Other, {{0.0, 0.0}, {414.0, 896.0}},\n    Other, {{0.0, 0.0}, {828.0, 1792.0}},\n    Other, {{0.0, 0.0}, {828.0, 1792.0}},\n    Other, {{0.0, 0.0}, {414.0, 896.0}},\n    StatusBar, {{0.0, 0.0}, {414.0, 48.0}},\n    Other, {{0.0, 0.0}, {414.0, 896.0}},\n    Other, {{0.0, 0.0}, {414.0, 896.0}},\n    Other, {{0.0, 0.0}, {414.0, 896.0}},\n    Other, {{0.0, 0.0}, {414.0, 896.0}},\n    Other, {{0.0, 0.0}, {828.0, 1792.0}},\n    Other, {{0.0, 0.0}, {828.0, 1792.0}},\n    Other, {{0.0, 0.0}, {414.0, 896.0}},\n    Other, {{0.0, 0.0}, {414.0, 896.0}},\n    Other, {{0.0, 896.0}, {414.0, 243.0}},\n    Other, {{0.0, 0.0}, {414.0, 896.0}},\n    Other, {{0.0, 0.0}, {828.0, 1792.0}},\n    Other, {{0.0, 0.0}, {414.0, 896.0}},\n    Other, {{0.0, 0.0}, {414.0, 896.0}},\n    Other, {{0.0, 0.0}, {828.0, 1792.0}},\n    Other, {{0.0, 0.0}, {414.0, 896.0}},\n    Other, {{0.0, 0.0}, {828.0, 1792.0}},\n    Other, {{0.0, 0.0}, {828.0, 1792.0}},\n    Other, {{0.0, 0.0}, {828.0, 1792.0}},\n    Other, {{0.0, 0.0}, {828.0, 1792.0}},\n    Other, {{0.0, 0.0}, {828.0, 1792.0}},\n    Other, {{0.0, 0.0}, {828.0, 1792.0}},\n    Other, {{0.0, 0.0}, {828.0, 1792.0}},\n    Other, {{0.0, 0.0}, {828.0, 1792.0}},\n    ScrollView, {{0.0, 0.0}, {414.0, 896.0}},\n    Other, {{0.0, 0.0}, {414.0, 896.0}}, identifier: 'AppSwitcherContentView',\n    Other, {{0.0, 0.0}, {414.0, 896.0}},\n    Other, {{0.0, 0.0}, {414.0, 896.0}}, identifier: 'card:com.zhortech.baliston.dev:sceneID:com.zhortech.baliston.dev-AF2D8FA5-BD74-48F3-B07E-91FF99672F33',\n    Other, {{0.0, 0.0}, {414.0, 896.0}},\n    Other, {{0.0, 0.0}, {414.0, 896.0}},\n    Other, {{0.0, 0.0}, {414.0, 896.0}},\n    Other, {{0.0, 0.0}, {414.0, 896.0}},\n    Other, {{0.0, 0.0}, {414.0, 896.0}},\n    ScrollView, {{0.0, -448.0}, {414.0, 1344.0}},\n    Other, {{0.0, 0.0}, {414.0, 896.0}},\n    Other, {{0.0, 0.0}, {414.0, 896.0}},\n    Other, {{0.0, 0.0}, {414.0, 896.0}},\n    Other, {{0.0, 0.0}, {414.0, 896.0}},\n    Other, {{0.0, 0.0}, {414.0, 896.0}}, identifier: 'Home Grabber',\n    Other, {{0.0, 0.0}, {414.0, 896.0}},\n    Other, {{0.0, 0.0}, {414.0, 896.0}},\n    Other, {{0.0, 0.0}, {414.0, 896.0}},\n    Other, {{133.0, 883.0}, {148.0, 5.0}},\n    Other, {{0.0, 0.0}, {414.0, 896.0}},\n    Other, {{0.0, 0.0}, {414.0, 896.0}},\n    Other, {{0.0, 0.0}, {414.0, 896.0}},\n    Other, {{0.0, 0.0}, {414.0, 896.0}},\n    Other, {{0.0, 0.0}, {414.0, 896.0}},\n    Other, {{0.0, 0.0}, {414.0, 896.0}},\n    Other, {{0.0, 0.0}, {414.0, 896.0}},\n    Other, {{0.0, 0.0}, {414.0, 896.0}},\n    Other, {{0.0, 0.0}, {414.0, 896.0}},\n    StatusBar, {{0.0, 0.0}, {414.0, 48.0}},\n    Other, {{0.0, 0.0}, {414.0, 48.0}},\n    Other, {{0.0, 0.0}, {414.0, 48.0}},\n    StaticText, {{29.5, 8.5}, {44.0, 19.5}}, label: '19:46',\n    Other, {{326.5, 19.0}, {18.5, 11.5}}, label: 'Mobile Data', value: No signal,\n    Other, {{349.5, 18.5}, {16.5, 12.0}}, identifier: '3 of 3 Wi-Fi bars', value: SSID, 3 of 3 Wi-Fi...,\n    Other, {{370.5, 18.5}, {26.5, 12.5}}, label: '100% battery power', value: Not charging,\n    Button, {{12.0, 31.5}, {43.5, 13.5}}, identifier: 'breadcrumb', label: 'Return to Safari'\n)}\nStacktrace:\nStaleElementReferenceError: The previously found element \"\"OK\" Button\" is not present in the current view anymore. Make sure the application UI has the expected state. Original error: No matches found for Elements matching predicate 'wdName == \"OK\" AND (1 == 1 OR identifier == 0 OR frame == 0 OR value == 0 OR title == 0 OR label == 0 OR elementType == 0 OR enabled == 0 OR placeholderValue == 0 OR selected == 0)' from input {(\n    Window, {{0.0, 0.0}, {414.0, 896.0}},\n    Window, {{0.0, 0.0}, {414.0, 896.0}},\n    Window, {{0.0, 0.0}, {828.0, 1792.0}},\n    Window, {{0.0, 0.0}, {828.0, 1792.0}},\n    Window, {{0.0, 0.0}, {414.0, 896.0}}, identifier: 'SBSwitcherWindow',\n    Window, {{0.0, 0.0}, {414.0, 896.0}},\n    Window, {{0.0, 0.0}, {414.0, 896.0}},\n    Window, {{0.0, 0.0}, {414.0, 896.0}},\n    Window, {{0.0, 0.0}, {414.0, 896.0}},\n    Other, {{0.0, 0.0}, {414.0, 896.0}},\n    Other, {{0.0, 0.0}, {414.0, 896.0}},\n    Other, {{0.0, 0.0}, {414.0, 896.0}},\n    Other, {{0.0, 0.0}, {828.0, 1792.0}},\n    Other, {{0.0, 0.0}, {828.0, 1792.0}},\n    Other, {{0.0, 0.0}, {414.0, 896.0}},\n    StatusBar, {{0.0, 0.0}, {414.0, 48.0}},\n    Other, {{0.0, 0.0}, {414.0, 896.0}},\n    Other, {{0.0, 0.0}, {414.0, 896.0}},\n    Other, {{0.0, 0.0}, {414.0, 896.0}},\n    Other, {{0.0, 0.0}, {414.0, 896.0}},\n    Other, {{0.0, 0.0}, {828.0, 1792.0}},\n    Other, {{0.0, 0.0}, {828.0, 1792.0}},\n    Other, {{0.0, 0.0}, {414.0, 896.0}},\n    Other, {{0.0, 0.0}, {414.0, 896.0}},\n    Other, {{0.0, 896.0}, {414.0, 243.0}},\n    Other, {{0.0, 0.0}, {414.0, 896.0}},\n    Other, {{0.0, 0.0}, {828.0, 1792.0}},\n    Other, {{0.0, 0.0}, {414.0, 896.0}},\n    Other, {{0.0, 0.0}, {414.0, 896.0}},\n    Other, {{0.0, 0.0}, {828.0, 1792.0}},\n    Other, {{0.0, 0.0}, {414.0, 896.0}},\n    Other, {{0.0, 0.0}, {828.0, 1792.0}},\n    Other, {{0.0, 0.0}, {828.0, 1792.0}},\n    Other, {{0.0, 0.0}, {828.0, 1792.0}},\n    Other, {{0.0, 0.0}, {828.0, 1792.0}},\n    Other, {{0.0, 0.0}, {828.0, 1792.0}},\n    Other, {{0.0, 0.0}, {828.0, 1792.0}},\n    Other, {{0.0, 0.0}, {828.0, 1792.0}},\n    Other, {{0.0, 0.0}, {828.0, 1792.0}},\n    ScrollView, {{0.0, 0.0}, {414.0, 896.0}},\n    Other, {{0.0, 0.0}, {414.0, 896.0}}, identifier: 'AppSwitcherContentView',\n    Other, {{0.0, 0.0}, {414.0, 896.0}},\n    Other, {{0.0, 0.0}, {414.0, 896.0}}, identifier: 'card:com.zhortech.baliston.dev:sceneID:com.zhortech.baliston.dev-AF2D8FA5-BD74-48F3-B07E-91FF99672F33',\n    Other, {{0.0, 0.0}, {414.0, 896.0}},\n    Other, {{0.0, 0.0}, {414.0, 896.0}},\n    Other, {{0.0, 0.0}, {414.0, 896.0}},\n    Other, {{0.0, 0.0}, {414.0, 896.0}},\n    Other, {{0.0, 0.0}, {414.0, 896.0}},\n    ScrollView, {{0.0, -448.0}, {414.0, 1344.0}},\n    Other, {{0.0, 0.0}, {414.0, 896.0}},\n    Other, {{0.0, 0.0}, {414.0, 896.0}},\n    Other, {{0.0, 0.0}, {414.0, 896.0}},\n    Other, {{0.0, 0.0}, {414.0, 896.0}},\n    Other, {{0.0, 0.0}, {414.0, 896.0}}, identifier: 'Home Grabber',\n    Other, {{0.0, 0.0}, {414.0, 896.0}},\n    Other, {{0.0, 0.0}, {414.0, 896.0}},\n    Other, {{0.0, 0.0}, {414.0, 896.0}},\n    Other, {{133.0, 883.0}, {148.0, 5.0}},\n    Other, {{0.0, 0.0}, {414.0, 896.0}},\n    Other, {{0.0, 0.0}, {414.0, 896.0}},\n    Other, {{0.0, 0.0}, {414.0, 896.0}},\n    Other, {{0.0, 0.0}, {414.0, 896.0}},\n    Other, {{0.0, 0.0}, {414.0, 896.0}},\n    Other, {{0.0, 0.0}, {414.0, 896.0}},\n    Other, {{0.0, 0.0}, {414.0, 896.0}},\n    Other, {{0.0, 0.0}, {414.0, 896.0}},\n    Other, {{0.0, 0.0}, {414.0, 896.0}},\n    StatusBar, {{0.0, 0.0}, {414.0, 48.0}},\n    Other, {{0.0, 0.0}, {414.0, 48.0}},\n    Other, {{0.0, 0.0}, {414.0, 48.0}},\n    StaticText, {{29.5, 8.5}, {44.0, 19.5}}, label: '19:46',\n    Other, {{326.5, 19.0}, {18.5, 11.5}}, label: 'Mobile Data', value: No signal,\n    Other, {{349.5, 18.5}, {16.5, 12.0}}, identifier: '3 of 3 Wi-Fi bars', value: SSID, 3 of 3 Wi-Fi...,\n    Other, {{370.5, 18.5}, {26.5, 12.5}}, label: '100% battery power', value: Not charging,\n    Button, {{12.0, 31.5}, {43.5, 13.5}}, identifier: 'breadcrumb', label: 'Return to Safari'\n)}\n    at errorFromW3CJsonCode (/Users/Alex/.appium/appium-xcuitest-driver/node_modules/appium-base-driver/lib/protocol/errors.js:780:25)\n    at ProxyRequestError.getActualError (/Users/Alex/.appium/appium-xcuitest-driver/node_modules/appium-base-driver/lib/protocol/errors.js:663:14)\n    at asyncHandler (/usr/local/lib/node_modules/appium/node_modules/@appium/base-driver/lib/protocol/protocol.js:374:25)",
      "time" : {
        "start" : 1643046247124,
        "stop" : 1643046383393,
        "duration" : 136269
      }
    }, {
      "uid" : "be7ee994dc765729",
      "status" : "broken",
      "statusDetails" : "selenium.common.exceptions.InvalidSessionIdException: Message: A session is either terminated or not started\nStacktrace:\nNoSuchDriverError: A session is either terminated or not started\n    at asyncHandler (/usr/local/lib/node_modules/appium/node_modules/@appium/base-driver/lib/protocol/protocol.js:231:15)\n    at /usr/local/lib/node_modules/appium/node_modules/@appium/base-driver/lib/protocol/protocol.js:424:15\n    at Layer.handle [as handle_request] (/usr/local/lib/node_modules/appium/node_modules/express/lib/router/layer.js:95:5)\n    at next (/usr/local/lib/node_modules/appium/node_modules/express/lib/router/route.js:137:13)\n    at Route.dispatch (/usr/local/lib/node_modules/appium/node_modules/express/lib/router/route.js:112:3)\n    at Layer.handle [as handle_request] (/usr/local/lib/node_modules/appium/node_modules/express/lib/router/layer.js:95:5)\n    at /usr/local/lib/node_modules/appium/node_modules/express/lib/router/index.js:281:22\n    at param (/usr/local/lib/node_modules/appium/node_modules/express/lib/router/index.js:354:14)\n    at param (/usr/local/lib/node_modules/appium/node_modules/express/lib/router/index.js:365:14)\n    at Function.process_params (/usr/local/lib/node_modules/appium/node_modules/express/lib/router/index.js:410:3)\n    at next (/usr/local/lib/node_modules/appium/node_modules/express/lib/router/index.js:275:10)\n    at logger (/usr/local/lib/node_modules/appium/node_modules/morgan/index.js:144:5)\n    at Layer.handle [as handle_request] (/usr/local/lib/node_modules/appium/node_modules/express/lib/router/layer.js:95:5)\n    at trim_prefix (/usr/local/lib/node_modules/appium/node_modules/express/lib/router/index.js:317:13)\n    at /usr/local/lib/node_modules/appium/node_modules/express/lib/router/index.js:284:7\n    at Function.process_params (/usr/local/lib/node_modules/appium/node_modules/express/lib/router/index.js:335:12)\n    at next (/usr/local/lib/node_modules/appium/node_modules/express/lib/router/index.js:275:10)\n    at /usr/local/lib/node_modules/appium/node_modules/body-parser/lib/read.js:130:5\n    at invokeCallback (/usr/local/lib/node_modules/appium/node_modules/raw-body/index.js:224:16)\n    at done (/usr/local/lib/node_modules/appium/node_modules/raw-body/index.js:213:7)\n    at IncomingMessage.onEnd (/usr/local/lib/node_modules/appium/node_modules/raw-body/index.js:273:7)\n    at IncomingMessage.emit (events.js:412:35)\n    at endReadableNT (internal/streams/readable.js:1334:12)\n    at processTicksAndRejections (internal/process/task_queues.js:82:21)",
      "time" : {
        "start" : 1643043991827,
        "stop" : 1643043991853,
        "duration" : 26
      }
    } ],
    "categories" : [ ],
    "tags" : [ "@pytest.mark.skipif(False, reason='Get started test for iOS only')" ]
  },
  "source" : "3cf8f29c27122868.json",
  "parameterValues" : [ ]
}